<?xml version="1.0" encoding="UTF-8"?>
<testng-results skipped="0" failed="0" ignored="0" total="2" passed="2">
  <reporter-output>
  </reporter-output>
  <suite name="Account Tests" duration-ms="16989" started-at="2021-08-04T18:17:28 CST" finished-at="2021-08-04T18:17:45 CST">
    <groups>
    </groups>
    <test name="Login Tests" duration-ms="16989" started-at="2021-08-04T18:17:28 CST" finished-at="2021-08-04T18:17:45 CST">
      <class name="TestAccount">
        <test-method status="PASS" signature="Test_Login_Successfull()[pri:0, instance:TestAccount@63192798]" name="Test_Login_Successfull" duration-ms="10291" started-at="2021-08-04T18:17:28 CST" finished-at="2021-08-04T18:17:38 CST">
          <reporter-output>
          </reporter-output>
        </test-method> <!-- Test_Login_Successfull -->
        <test-method status="PASS" signature="Test_Login_Unsuccessfull()[pri:0, instance:TestAccount@63192798]" name="Test_Login_Unsuccessfull" duration-ms="6466" started-at="2021-08-04T18:17:38 CST" finished-at="2021-08-04T18:17:45 CST">
          <reporter-output>
          </reporter-output>
        </test-method> <!-- Test_Login_Unsuccessfull -->
      </class> <!-- TestAccount -->
    </test> <!-- Login Tests -->
  </suite> <!-- Account Tests -->
</testng-results>
